0	0	0
3	0	0
6	0	0
9	0	0
12	0	0
15	0	0
18	0	0
21	0	0
24	0	0
27	0	0
30	0	0
33	0	0
36	0	0
39	0	0
42	0	0
45	0	0
48	0	0
51	0	0
54	0	0
57	0	0
60	0	0
63	0	0
66	0	0
69	0	0
72	0	0
75	0	0
78	0	0
81	0	0
84	0	0
87	0	0
90	0	0
93	0	0
96	0	0
99	0	0
102	0	0
105	0	0
108	0	0
111	0	0
114	0	0
117	0	0
120	0	0
123	0	0
126	0	0
129	0	0
132	0	0
135	0	0
138	0	0
141	0	0
144	0	0
147	0	0
150	0	0
153	0	0
156	0	0
159	0	0
162	0	0
165	0	0
168	0	0
171	0	0
174	0	0
177	0	0
180	0	0
183	0	0
186	0	0
189	0	0
192	0	0
195	0	0
198	0	0
201	0	0
204	0	0
207	0	0
210	0	0
213	0	0
216	0	0
219	0	0
222	0	0
225	0	0
228	0	0
231	0	0
234	0	0
237	0	0
240	0	0
243	0	0
246	0	0
249	0	0
252	0	0
255	0	0
258	0	0
261	0	0
264	0	0
267	0	0
270	0	0
273	0	0
276	0	0
279	0	0
282	0	0
285	0	0
288	0	0
291	0	0
294	0	0
297	0	0
300	0	0
303	0	0
306	0	0
309	0	0
312	0	0
315	0	0
318	0	0
321	0	0
324	0	0
327	0	0
330	0	0
333	0	0
336	0	0
339	0	0
342	0	0
345	0	0
348	0	0
351	0	0
354	0	0
357	0	0
360	0	0
363	0	0
366	0	0
369	0	0
372	0	0
375	0	0
378	0	0
381	0	0
384	0	0
387	0	0
390	0	0
393	0	0
396	0	0
399	0	0
402	0	0
405	0	0
408	0	0
411	0	0
414	0	0
417	0	0
420	0	0
423	0	0
426	0	0
429	0	0
432	0	0
435	0	0
438	0	0
441	0	0
444	0	0
447	0	0
450	0	0
453	0	0
456	0	0
459	0	0
462	0	0
465	0	0
468	0	0
471	0	0
474	0	0
477	0	0
480	0	0
483	0	0
486	0	0
489	0	0
492	0	0
495	0	0
498	0	0
501	0	0
504	0	0
507	0	0
510	0	0
513	0	0
516	0	0
519	0	0
522	0	0
525	0	0
528	0	0
531	0	0
534	0	0
537	0	0
540	0	0
543	0	0
546	0	0
549	0	0
552	0	0
555	0	0
558	0	0
561	0	0
564	0	0
567	0	0
570	0	0
573	0	0
576	0	0
579	0	0
582	0	0
585	0	0
588	0	0
591	0	0
594	0	0
597	0	0
600	0	0
603	0	0
606	0	0
609	0	0
612	0	0
615	0	0
618	0	0
621	0	0
624	0	0
627	0	0
630	0	0
633	0	0
636	0	0
639	0	0
642	0	0
645	0	0
648	0	0
651	0	0
654	0	0
657	0	0
660	0	0
663	0	0
666	0	0
669	0	0
672	0	0
675	0	0
678	0	0
681	0	0
684	0	0
687	0	0
690	0	0
693	0	0
696	0	0
699	0	0
702	0	0
705	0	0
708	0	0
711	0	0
714	0	0
717	0	0
720	0	0
723	0	0
726	0	0
729	0	0
732	0	0
735	0	0
738	0	0
741	0	0
744	0	0
747	0	0
750	0	0
753	0	0
756	0	0
759	0	0
762	0	0
765	0	0
768	1	1
771	1	2
774	1	3
777	1	4
780	1	5
783	1	6
786	1	7
789	1	8
792	1	9
795	1	10
798	1	11
801	1	12
804	1	13
807	1	14
810	1	15
813	1	16
816	1	17
819	1	18
822	1	19
825	1	20
828	1	21
831	1	22
834	1	23
837	1	24
840	1	25
843	1	26
846	1	27
849	1	28
852	1	29
855	1	30
858	1	31
861	1	32
864	1	33
867	1	34
870	1	35
873	1	36
876	1	37
879	1	38
882	1	39
885	1	40
888	1	41
891	1	42
894	1	43
897	1	44
900	1	45
903	1	46
906	1	47
909	1	48
912	1	49
915	1	50
918	1	51
921	1	52
924	1	53
927	1	54
930	1	55
933	1	56
936	1	57
939	1	58
942	1	59
945	1	60
948	1	61
951	1	62
954	1	63
957	1	64
960	1	65
963	1	66
966	1	67
969	1	68
972	1	69
975	1	70
978	1	71
981	1	72
984	1	73
987	1	74
990	1	75
993	1	76
996	1	77
999	1	78
1002	1	79
1005	1	80
1008	1	81
1011	1	82
1014	1	83
1017	1	84
1020	1	85
1023	1	86
1026	1	87
1029	1	88
1032	1	89
1035	1	90
1038	1	91
1041	1	92
1044	1	93
1047	1	94
1050	1	95
1053	1	96
1056	1	97
1059	1	98
1062	1	99
1065	1	100
1068	1	101
1071	1	102
1074	1	103
1077	1	104
1080	1	105
1083	1	106
1086	1	107
1089	1	108
1092	1	109
1095	1	110
1098	1	111
1101	1	112
1104	1	113
1107	1	114
1110	1	115
1113	1	116
1116	1	117
1119	1	118
1122	0	118
1125	1	119
1128	1	120
1131	0	120
1134	1	121
1137	1	122
1140	1	123
1143	1	124
1146	1	125
1149	1	126
1152	1	127
1155	1	128
1158	1	129
1161	1	130
1164	1	131
1167	1	132
1170	1	133
1173	1	134
1176	1	135
1179	1	136
1182	1	137
1185	1	138
1188	1	139
1191	1	140
1194	1	141
1197	1	142
1200	1	143
1203	0	143
1206	0	143
1209	0	143
1212	0	143
1215	0	143
1218	0	143
1221	0	143
1224	0	143
1227	0	143
1230	0	143
1233	0	143
1236	0	143
1239	0	143
1242	0	143
1245	0	143
1248	0	143
1251	0	143
1254	0	143
1257	0	143
1260	0	143
1263	0	143
1266	0	143
1269	0	143
1272	0	143
1275	0	143
1278	0	143
1281	0	143
1284	0	143
1287	0	143
1290	0	143
1293	0	143
1296	0	143
1299	0	143
1302	0	143
1305	0	143
1308	0	143
1311	0	143
1314	0	143
1317	0	143
1320	0	143
1323	0	143
1326	0	143
1329	0	143
1332	0	143
1335	0	143
1338	0	143
1341	0	143
1344	0	143
1347	0	143
1350	0	143
1353	0	143
1356	0	143
1359	0	143
1362	0	143
1365	0	143
1368	0	143
1371	0	143
1374	0	143
1377	0	143
1380	0	143
1383	0	143
1386	0	143
1389	0	143
1392	0	143
1395	0	143
1398	0	143
1401	0	143
1404	0	143
1407	0	143
1410	0	143
1413	0	143
1416	0	143
1419	0	143
1422	0	143
1425	0	143
1428	0	143
1431	0	143
1434	0	143
1437	0	143
1440	0	143
1443	0	143
1446	0	143
1449	0	143
1452	0	143
1455	0	143
1458	0	143
1461	0	143
1464	0	143
1467	0	143
1470	0	143
1473	0	143
1476	0	143
1479	0	143
1482	0	143
1485	0	143
1488	0	143
1491	0	143
1494	0	143
1497	1	144
1500	1	145
1503	1	146
1506	1	147
1509	1	148
1512	1	149
1515	1	150
1518	1	151
1521	1	152
1524	1	153
1527	1	154
1530	1	155
1533	1	156
1536	1	157
1539	1	158
1542	1	159
1545	1	160
1548	1	161
1551	1	162
1554	1	163
1557	1	164
1560	0	164
1563	0	164
1566	0	164
1569	0	164
1572	0	164
1575	0	164
1578	0	164
1581	0	164
1584	0	164
1587	0	164
1590	0	164
1593	0	164
1596	0	164
1599	0	164
1602	0	164
1605	0	164
1608	0	164
1611	0	164
1614	0	164
1617	0	164
1620	0	164
1623	0	164
1626	0	164
1629	0	164
1632	0	164
1635	0	164
1638	0	164
1641	0	164
1644	0	164
1647	0	164
1650	0	164
1653	0	164
1656	0	164
1659	0	164
1662	0	164
1665	0	164
1668	0	164
1671	0	164
1674	0	164
1677	0	164
1680	0	164
1683	0	164
1686	0	164
1689	0	164
1692	0	164
1695	0	164
1698	0	164
1701	0	164
1704	0	164
1707	0	164
1710	0	164
1713	0	164
1716	0	164
1719	0	164
1722	0	164
1725	0	164
1728	0	164
1731	0	164
1734	0	164
1737	0	164
1740	0	164
1743	0	164
1746	0	164
1749	0	164
1752	0	164
1755	0	164
1758	0	164
1761	0	164
1764	0	164
1767	0	164
1770	0	164
1773	0	164
1776	0	164
1779	0	164
1782	0	164
1785	0	164
1788	0	164
1791	0	164
1794	0	164
1797	0	164
1800	0	164
1803	0	164
1806	0	164
1809	0	164
1812	0	164
1815	0	164
1818	0	164
1821	0	164
1824	0	164
1827	0	164
1830	0	164
1833	0	164
1836	0	164
1839	0	164
1842	0	164
1845	0	164
1848	0	164
1851	0	164
1854	0	164
1857	0	164
1860	0	164
1863	0	164
1866	0	164
1869	0	164
1872	0	164
1875	0	164
1878	0	164
1881	0	164
1884	0	164
1887	0	164
1890	0	164
1893	0	164
1896	0	164
1899	0	164
1902	0	164
1905	0	164
1908	0	164
1911	0	164
1914	0	164
1917	0	164
1920	0	164
1923	0	164
1926	0	164
1929	0	164
1932	0	164
1935	0	164
1938	0	164
1941	0	164
1944	0	164
1947	0	164
1950	0	164
1953	0	164
1956	0	164
1959	0	164
1962	0	164
1965	0	164
1968	0	164
1971	0	164
1974	0	164
1977	0	164
1980	0	164
1983	0	164
1986	0	164
1989	0	164
1992	0	164
1995	0	164
1998	0	164
2001	0	164
2004	0	164
2007	0	164
2010	0	164
2013	0	164
2016	0	164
2019	0	164
2022	0	164
2025	0	164
2028	0	164
2031	0	164
2034	0	164
2037	0	164
2040	0	164
2043	0	164
2046	0	164
2049	0	164
2052	0	164
2055	0	164
2058	0	164
